<?xml version="1.0" encoding="UTF-8"?>
<!-- Generated by org.testng.reporters.JUnitXMLReporter -->
<testsuite ignored="0" hostname="DESKTOP-5TL89NA" failures="0" tests="3" name="Allsoper app Test" time="14.092" errors="0" timestamp="2022-02-14T10:59:33 GMT-08:00">
  <testcase classname="com.qa.alsober.tests.LoginPageTest" name="verifySignupLinkTest" time="0.127"/>
  <testcase classname="com.qa.alsober.tests.LoginPageTest" name="verifyLoginPageTitleTest" time="0.031"/>
  <testcase classname="com.qa.alsober.tests.LoginPageTest" name="logintest" time="3.611"/>
</testsuite> <!-- Allsoper app Test -->
