<?xml version="1.0" encoding="UTF-8"?>
<!-- Generated by org.testng.reporters.JUnitXMLReporter -->
<testsuite ignored="0" hostname="DESKTOP-5TL89NA" failures="0" tests="5" name="Allsoper app home" time="75.787" errors="0" timestamp="2022-02-15T09:40:32 PST">
  <testcase classname="com.qa.alsober.tests.LoginPageTest" name="verifySignupLinkTest" time="1.736"/>
  <testcase classname="com.qa.alsober.tests.LoginPageTest" name="verifyLoginPageTitleTest" time="0.033"/>
  <testcase classname="com.qa.alsober.tests.LoginPageTest" name="logintest" time="10.086"/>
  <testcase classname="com.qa.alsober.tests.HomePageTest" name="VerifyLoggedinUserAccountName" time="16.146"/>
  <testcase classname="com.qa.alsober.tests.HomePageTest" name="VerifyLOgoutTextTest" time="0.131"/>
</testsuite> <!-- Allsoper app home -->
