<?xml version="1.0" encoding="UTF-8"?>
<testng-results ignored="0" total="2" passed="2" failed="0" skipped="0">
  <reporter-output>
  </reporter-output>
  <suite started-at="2022-02-15T09:39:14 PST" name="Allsober test suite" finished-at="2022-02-15T09:40:30 PST" duration-ms="75787">
    <groups>
    </groups>
    <test started-at="2022-02-15T09:39:14 PST" name="Allsoper app home" finished-at="2022-02-15T09:40:30 PST" duration-ms="75787">
      <class name="com.qa.alsober.tests.HomePageTest">
        <test-method is-config="true" signature="setUp()[pri:0, instance:com.qa.alsober.tests.HomePageTest@673fdbce]" started-at="2022-02-15T09:39:15 PST" name="setUp" finished-at="2022-02-15T09:40:02 PST" duration-ms="47514" status="PASS">
          <reporter-output>
          </reporter-output>
        </test-method> <!-- setUp -->
        <test-method is-config="true" signature="HomePageSetUp()[pri:0, instance:com.qa.alsober.tests.HomePageTest@673fdbce]" started-at="2022-02-15T09:40:02 PST" name="HomePageSetUp" finished-at="2022-02-15T09:40:14 PST" duration-ms="11471" status="PASS">
          <reporter-output>
          </reporter-output>
        </test-method> <!-- HomePageSetUp -->
        <test-method signature="VerifyLoggedinUserAccountName()[pri:1, instance:com.qa.alsober.tests.HomePageTest@673fdbce]" started-at="2022-02-15T09:40:14 PST" name="VerifyLoggedinUserAccountName" finished-at="2022-02-15T09:40:30 PST" duration-ms="16146" status="PASS">
          <reporter-output>
          </reporter-output>
        </test-method> <!-- VerifyLoggedinUserAccountName -->
        <test-method signature="VerifyLOgoutTextTest()[pri:2, instance:com.qa.alsober.tests.HomePageTest@673fdbce]" started-at="2022-02-15T09:40:30 PST" name="VerifyLOgoutTextTest" finished-at="2022-02-15T09:40:30 PST" duration-ms="131" status="PASS">
          <reporter-output>
          </reporter-output>
        </test-method> <!-- VerifyLOgoutTextTest -->
        <test-method is-config="true" signature="teardown()[pri:0, instance:com.qa.alsober.tests.HomePageTest@673fdbce]" started-at="2022-02-15T09:40:30 PST" name="teardown" finished-at="2022-02-15T09:40:30 PST" duration-ms="401" status="PASS">
          <reporter-output>
          </reporter-output>
        </test-method> <!-- teardown -->
      </class> <!-- com.qa.alsober.tests.HomePageTest -->
    </test> <!-- Allsoper app home -->
  </suite> <!-- Allsober test suite -->
</testng-results>
